<?xml version="1.0" encoding="UTF-8"?>
<!-- Generated by org.testng.reporters.JUnitXMLReporter -->
<testsuite ignored="0" hostname="FT-D-WTC-0034" failures="0" tests="8" name="AllTests" time="14.779" errors="0" timestamp="2025-06-24T13:53:29 IST">
  <testcase classname="com.testscript.generator.tests.ExcelDrivenTest" name="runTestCase" time="0.007"/>
  <testcase classname="com.testscript.generator.tests.ExcelDrivenTest" name="runTestCase" time="0.002"/>
  <testcase classname="com.testscript.generator.tests.ExcelDrivenTest" name="runTestCase" time="0.002"/>
  <testcase classname="com.testscript.generator.tests.ExcelDrivenTest" name="runTestCase" time="0.0"/>
  <testcase classname="com.testscript.generator.tests.ExcelDrivenTest" name="runTestCase" time="0.002"/>
  <testcase classname="com.testscript.generator.tests.ExcelDrivenTest" name="runTestCase" time="0.002"/>
  <testcase classname="com.testscript.generator.tests.ExcelDrivenTest" name="runTestCase" time="0.001"/>
  <testcase classname="com.testscript.generator.tests.ExcelDrivenTest" name="runTestCase" time="0.0"/>
</testsuite> <!-- AllTests -->
