<?xml version="1.0" encoding="UTF-8"?>
<testng-results ignored="0" total="8" passed="8" failed="0" skipped="0">
  <reporter-output>
  </reporter-output>
  <suite started-at="2025-06-24T13:53:15 IST" name="Selenium Test Suite" finished-at="2025-06-24T13:53:29 IST" duration-ms="14779">
    <groups>
    </groups>
    <test started-at="2025-06-24T13:53:15 IST" name="AllTests" finished-at="2025-06-24T13:53:29 IST" duration-ms="14779">
      <class name="com.testscript.generator.tests.ExcelDrivenTest">
        <test-method is-config="true" signature="setUp()[pri:0, instance:com.testscript.generator.tests.ExcelDrivenTest@294425a7]" started-at="2025-06-24T13:53:16 IST" name="setUp" finished-at="2025-06-24T13:53:22 IST" duration-ms="5747" status="PASS">
          <reporter-output>
          </reporter-output>
        </test-method> <!-- setUp -->
        <test-method signature="runTestCase(java.lang.String,java.lang.String)[pri:0, instance:com.testscript.generator.tests.ExcelDrivenTest@294425a7]" started-at="2025-06-24T13:53:22 IST" name="runTestCase" data-provider="excelTestCases" finished-at="2025-06-24T13:53:22 IST" duration-ms="7" status="PASS">
          <params>
            <param index="0">
              <value>
                <![CDATA[Positive: Verify be able to login to the LMS [https://questapp.dev/lms|https://questapp.dev/lms|smart-link] using the...]]>
              </value>
            </param>
            <param index="1">
              <value>
                <![CDATA[1. Access the system
2. Navigate to the relevant section
3. Perform be able to login to the LMS [https://questapp.dev/lms|https://questapp.dev/lms|smart-link] using the learner credentials. with valid data
4. Verify the system's response is as expected]]>
              </value>
            </param>
          </params>
          <reporter-output>
          </reporter-output>
        </test-method> <!-- runTestCase -->
        <test-method is-config="true" signature="tearDown()[pri:0, instance:com.testscript.generator.tests.ExcelDrivenTest@294425a7]" started-at="2025-06-24T13:53:22 IST" name="tearDown" finished-at="2025-06-24T13:53:22 IST" duration-ms="227" status="PASS">
          <reporter-output>
          </reporter-output>
        </test-method> <!-- tearDown -->
        <test-method is-config="true" signature="setUp()[pri:0, instance:com.testscript.generator.tests.ExcelDrivenTest@294425a7]" started-at="2025-06-24T13:53:22 IST" name="setUp" finished-at="2025-06-24T13:53:23 IST" duration-ms="775" status="PASS">
          <reporter-output>
          </reporter-output>
        </test-method> <!-- setUp -->
        <test-method signature="runTestCase(java.lang.String,java.lang.String)[pri:0, instance:com.testscript.generator.tests.ExcelDrivenTest@294425a7]" started-at="2025-06-24T13:53:23 IST" name="runTestCase" data-provider="excelTestCases" finished-at="2025-06-24T13:53:23 IST" duration-ms="2" status="PASS">
          <params>
            <param index="0">
              <value>
                <![CDATA[Negative: Verify be able to login to the LMS [https://questapp.dev/lms|https://questapp.dev/lms|smart-link] using the with invalid data...]]>
              </value>
            </param>
            <param index="1">
              <value>
                <![CDATA[1. Access the system
2. Navigate to the relevant section
3. Attempt be able to login to the LMS [https://questapp.dev/lms|https://questapp.dev/lms|smart-link] using the learner credentials. with invalid or unexpected data
4. Verify the system gracefully handles the error or rejects the input]]>
              </value>
            </param>
          </params>
          <reporter-output>
          </reporter-output>
        </test-method> <!-- runTestCase -->
        <test-method is-config="true" signature="tearDown()[pri:0, instance:com.testscript.generator.tests.ExcelDrivenTest@294425a7]" started-at="2025-06-24T13:53:23 IST" name="tearDown" finished-at="2025-06-24T13:53:23 IST" duration-ms="167" status="PASS">
          <reporter-output>
          </reporter-output>
        </test-method> <!-- tearDown -->
        <test-method is-config="true" signature="setUp()[pri:0, instance:com.testscript.generator.tests.ExcelDrivenTest@294425a7]" started-at="2025-06-24T13:53:23 IST" name="setUp" finished-at="2025-06-24T13:53:24 IST" duration-ms="764" status="PASS">
          <reporter-output>
          </reporter-output>
        </test-method> <!-- setUp -->
        <test-method signature="runTestCase(java.lang.String,java.lang.String)[pri:0, instance:com.testscript.generator.tests.ExcelDrivenTest@294425a7]" started-at="2025-06-24T13:53:24 IST" name="runTestCase" data-provider="excelTestCases" finished-at="2025-06-24T13:53:24 IST" duration-ms="2" status="PASS">
          <params>
            <param index="0">
              <value>
                <![CDATA[Security: Verify unauthorized access for be able to login to the LMS [https://questapp.dev/lms|https://questapp.dev/lms|smart-link] using the...]]>
              </value>
            </param>
            <param index="1">
              <value>
                <![CDATA[1. Access the system as an unauthorized or low-privilege user
2. Attempt to be able to login to the LMS [https://questapp.dev/lms|https://questapp.dev/lms|smart-link] using the learner credentials. or access restricted areas
3. Observe the system's response
4. Verify that unauthorized access is prevented and no sensitive data is exposed]]>
              </value>
            </param>
          </params>
          <reporter-output>
          </reporter-output>
        </test-method> <!-- runTestCase -->
        <test-method is-config="true" signature="tearDown()[pri:0, instance:com.testscript.generator.tests.ExcelDrivenTest@294425a7]" started-at="2025-06-24T13:53:24 IST" name="tearDown" finished-at="2025-06-24T13:53:24 IST" duration-ms="191" status="PASS">
          <reporter-output>
          </reporter-output>
        </test-method> <!-- tearDown -->
        <test-method is-config="true" signature="setUp()[pri:0, instance:com.testscript.generator.tests.ExcelDrivenTest@294425a7]" started-at="2025-06-24T13:53:24 IST" name="setUp" finished-at="2025-06-24T13:53:25 IST" duration-ms="876" status="PASS">
          <reporter-output>
          </reporter-output>
        </test-method> <!-- setUp -->
        <test-method signature="runTestCase(java.lang.String,java.lang.String)[pri:0, instance:com.testscript.generator.tests.ExcelDrivenTest@294425a7]" started-at="2025-06-24T13:53:25 IST" name="runTestCase" data-provider="excelTestCases" finished-at="2025-06-24T13:53:25 IST" duration-ms="0" status="PASS">
          <params>
            <param index="0">
              <value>
                <![CDATA[Performance: Verify be able to login to the LMS [https://questapp.dev/lms|https://questapp.dev/lms|smart-link] using the under load...]]>
              </value>
            </param>
            <param index="1">
              <value>
                <![CDATA[1. Access the system
2. Perform be able to login to the LMS [https://questapp.dev/lms|https://questapp.dev/lms|smart-link] using the learner credentials. repeatedly or with a large dataset
3. Measure the system's response time and resource usage
4. Verify the system meets performance requirements]]>
              </value>
            </param>
          </params>
          <reporter-output>
          </reporter-output>
        </test-method> <!-- runTestCase -->
        <test-method is-config="true" signature="tearDown()[pri:0, instance:com.testscript.generator.tests.ExcelDrivenTest@294425a7]" started-at="2025-06-24T13:53:25 IST" name="tearDown" finished-at="2025-06-24T13:53:25 IST" duration-ms="320" status="PASS">
          <reporter-output>
          </reporter-output>
        </test-method> <!-- tearDown -->
        <test-method is-config="true" signature="setUp()[pri:0, instance:com.testscript.generator.tests.ExcelDrivenTest@294425a7]" started-at="2025-06-24T13:53:25 IST" name="setUp" finished-at="2025-06-24T13:53:26 IST" duration-ms="726" status="PASS">
          <reporter-output>
          </reporter-output>
        </test-method> <!-- setUp -->
        <test-method signature="runTestCase(java.lang.String,java.lang.String)[pri:0, instance:com.testscript.generator.tests.ExcelDrivenTest@294425a7]" started-at="2025-06-24T13:53:26 IST" name="runTestCase" data-provider="excelTestCases" finished-at="2025-06-24T13:53:26 IST" duration-ms="2" status="PASS">
          <params>
            <param index="0">
              <value>
                <![CDATA[Positive: Verify see the home page of the application with the name of the user in the banner like ‘Welcome >’...]]>
              </value>
            </param>
            <param index="1">
              <value>
                <![CDATA[1. Access the system
2. Navigate to the relevant section
3. Perform see the home page of the application with the name of the user in the banner like ‘Welcome >’ with valid data
4. Verify the system's response is as expected]]>
              </value>
            </param>
          </params>
          <reporter-output>
          </reporter-output>
        </test-method> <!-- runTestCase -->
        <test-method is-config="true" signature="tearDown()[pri:0, instance:com.testscript.generator.tests.ExcelDrivenTest@294425a7]" started-at="2025-06-24T13:53:26 IST" name="tearDown" finished-at="2025-06-24T13:53:26 IST" duration-ms="186" status="PASS">
          <reporter-output>
          </reporter-output>
        </test-method> <!-- tearDown -->
        <test-method is-config="true" signature="setUp()[pri:0, instance:com.testscript.generator.tests.ExcelDrivenTest@294425a7]" started-at="2025-06-24T13:53:26 IST" name="setUp" finished-at="2025-06-24T13:53:27 IST" duration-ms="769" status="PASS">
          <reporter-output>
          </reporter-output>
        </test-method> <!-- setUp -->
        <test-method signature="runTestCase(java.lang.String,java.lang.String)[pri:0, instance:com.testscript.generator.tests.ExcelDrivenTest@294425a7]" started-at="2025-06-24T13:53:27 IST" name="runTestCase" data-provider="excelTestCases" finished-at="2025-06-24T13:53:27 IST" duration-ms="2" status="PASS">
          <params>
            <param index="0">
              <value>
                <![CDATA[Negative: Verify see the home page of the application with the name of the user in the banner like ‘Welcome >’ with invalid data...]]>
              </value>
            </param>
            <param index="1">
              <value>
                <![CDATA[1. Access the system
2. Navigate to the relevant section
3. Attempt see the home page of the application with the name of the user in the banner like ‘Welcome >’ with invalid or unexpected data
4. Verify the system gracefully handles the error or rejects the input]]>
              </value>
            </param>
          </params>
          <reporter-output>
          </reporter-output>
        </test-method> <!-- runTestCase -->
        <test-method is-config="true" signature="tearDown()[pri:0, instance:com.testscript.generator.tests.ExcelDrivenTest@294425a7]" started-at="2025-06-24T13:53:27 IST" name="tearDown" finished-at="2025-06-24T13:53:27 IST" duration-ms="200" status="PASS">
          <reporter-output>
          </reporter-output>
        </test-method> <!-- tearDown -->
        <test-method is-config="true" signature="setUp()[pri:0, instance:com.testscript.generator.tests.ExcelDrivenTest@294425a7]" started-at="2025-06-24T13:53:27 IST" name="setUp" finished-at="2025-06-24T13:53:28 IST" duration-ms="856" status="PASS">
          <reporter-output>
          </reporter-output>
        </test-method> <!-- setUp -->
        <test-method signature="runTestCase(java.lang.String,java.lang.String)[pri:0, instance:com.testscript.generator.tests.ExcelDrivenTest@294425a7]" started-at="2025-06-24T13:53:28 IST" name="runTestCase" data-provider="excelTestCases" finished-at="2025-06-24T13:53:28 IST" duration-ms="1" status="PASS">
          <params>
            <param index="0">
              <value>
                <![CDATA[Security: Verify unauthorized access for see the home page of the application with the name of the user in the banner like ‘Welcome >’...]]>
              </value>
            </param>
            <param index="1">
              <value>
                <![CDATA[1. Access the system as an unauthorized or low-privilege user
2. Attempt to see the home page of the application with the name of the user in the banner like ‘Welcome >’ or access restricted areas
3. Observe the system's response
4. Verify that unauthorized access is prevented and no sensitive data is exposed]]>
              </value>
            </param>
          </params>
          <reporter-output>
          </reporter-output>
        </test-method> <!-- runTestCase -->
        <test-method is-config="true" signature="tearDown()[pri:0, instance:com.testscript.generator.tests.ExcelDrivenTest@294425a7]" started-at="2025-06-24T13:53:28 IST" name="tearDown" finished-at="2025-06-24T13:53:28 IST" duration-ms="189" status="PASS">
          <reporter-output>
          </reporter-output>
        </test-method> <!-- tearDown -->
        <test-method is-config="true" signature="setUp()[pri:0, instance:com.testscript.generator.tests.ExcelDrivenTest@294425a7]" started-at="2025-06-24T13:53:28 IST" name="setUp" finished-at="2025-06-24T13:53:29 IST" duration-ms="942" status="PASS">
          <reporter-output>
          </reporter-output>
        </test-method> <!-- setUp -->
        <test-method signature="runTestCase(java.lang.String,java.lang.String)[pri:0, instance:com.testscript.generator.tests.ExcelDrivenTest@294425a7]" started-at="2025-06-24T13:53:29 IST" name="runTestCase" data-provider="excelTestCases" finished-at="2025-06-24T13:53:29 IST" duration-ms="0" status="PASS">
          <params>
            <param index="0">
              <value>
                <![CDATA[Performance: Verify see the home page of the application with the name of the user in the banner like ‘Welcome >’ under load...]]>
              </value>
            </param>
            <param index="1">
              <value>
                <![CDATA[1. Access the system
2. Perform see the home page of the application with the name of the user in the banner like ‘Welcome >’ repeatedly or with a large dataset
3. Measure the system's response time and resource usage
4. Verify the system meets performance requirements]]>
              </value>
            </param>
          </params>
          <reporter-output>
          </reporter-output>
        </test-method> <!-- runTestCase -->
        <test-method is-config="true" signature="tearDown()[pri:0, instance:com.testscript.generator.tests.ExcelDrivenTest@294425a7]" started-at="2025-06-24T13:53:29 IST" name="tearDown" finished-at="2025-06-24T13:53:29 IST" duration-ms="218" status="PASS">
          <reporter-output>
          </reporter-output>
        </test-method> <!-- tearDown -->
      </class> <!-- com.testscript.generator.tests.ExcelDrivenTest -->
    </test> <!-- AllTests -->
  </suite> <!-- Selenium Test Suite -->
</testng-results>
